<?xml version="1.0" encoding="UTF-8"?>
<testsuite xmlns:xsi="http://www.w3.org/2001/XMLSchema-instance" xsi:noNamespaceSchemaLocation="https://maven.apache.org/surefire/maven-failsafe-plugin/xsd/failsafe-test-report.xsd" name="service.IndicatorResourceIT" time="9.817" tests="1" errors="0" skipped="0" failures="0">
  <properties>
    <property name="java.specification.version" value="13"/>
    <property name="sun.cpu.isalist" value="amd64"/>
    <property name="sun.jnu.encoding" value="Cp1252"/>
    <property name="java.class.path" value="C:\Users\Dane\Documents\GitHub\crypto-subscriber\target\test-classes;C:\Users\Dane\Documents\GitHub\crypto-subscriber\target\classes;C:\Users\Dane\.m2\repository\com\google\cloud\google-cloud-pubsub\1.114.7\google-cloud-pubsub-1.114.7.jar;C:\Users\Dane\.m2\repository\io\grpc\grpc-api\1.41.0\grpc-api-1.41.0.jar;C:\Users\Dane\.m2\repository\io\grpc\grpc-context\1.41.0\grpc-context-1.41.0.jar;C:\Users\Dane\.m2\repository\io\grpc\grpc-stub\1.41.0\grpc-stub-1.41.0.jar;C:\Users\Dane\.m2\repository\io\grpc\grpc-protobuf\1.41.0\grpc-protobuf-1.41.0.jar;C:\Users\Dane\.m2\repository\io\grpc\grpc-protobuf-lite\1.41.0\grpc-protobuf-lite-1.41.0.jar;C:\Users\Dane\.m2\repository\com\google\api\api-common\2.0.5\api-common-2.0.5.jar;C:\Users\Dane\.m2\repository\javax\annotation\javax.annotation-api\1.3.2\javax.annotation-api-1.3.2.jar;C:\Users\Dane\.m2\repository\com\google\protobuf\protobuf-java\3.18.1\protobuf-java-3.18.1.jar;C:\Users\Dane\.m2\repository\com\google\api\grpc\proto-google-common-protos\2.6.0\proto-google-common-protos-2.6.0.jar;C:\Users\Dane\.m2\repository\com\google\auth\google-auth-library-oauth2-http\1.2.1\google-auth-library-oauth2-http-1.2.1.jar;C:\Users\Dane\.m2\repository\com\google\auth\google-auth-library-credentials\1.2.1\google-auth-library-credentials-1.2.1.jar;C:\Users\Dane\.m2\repository\com\google\http-client\google-http-client-gson\1.40.1\google-http-client-gson-1.40.1.jar;C:\Users\Dane\.m2\repository\com\google\code\gson\gson\2.8.8\gson-2.8.8.jar;C:\Users\Dane\.m2\repository\com\google\api\grpc\proto-google-cloud-pubsub-v1\1.96.7\proto-google-cloud-pubsub-v1-1.96.7.jar;C:\Users\Dane\.m2\repository\com\google\api\grpc\proto-google-iam-v1\1.1.6\proto-google-iam-v1-1.1.6.jar;C:\Users\Dane\.m2\repository\com\google\guava\guava\31.0.1-jre\guava-31.0.1-jre.jar;C:\Users\Dane\.m2\repository\com\google\guava\failureaccess\1.0.1\failureaccess-1.0.1.jar;C:\Users\Dane\.m2\repository\com\google\guava\listenablefuture\9999.0-empty-to-avoid-conflict-with-guava\listenablefuture-9999.0-empty-to-avoid-conflict-with-guava.jar;C:\Users\Dane\.m2\repository\org\checkerframework\checker-qual\3.12.0\checker-qual-3.12.0.jar;C:\Users\Dane\.m2\repository\com\google\j2objc\j2objc-annotations\1.3\j2objc-annotations-1.3.jar;C:\Users\Dane\.m2\repository\com\google\api\gax\2.6.1\gax-2.6.1.jar;C:\Users\Dane\.m2\repository\com\google\api\gax-grpc\2.6.1\gax-grpc-2.6.1.jar;C:\Users\Dane\.m2\repository\io\grpc\grpc-alts\1.41.0\grpc-alts-1.41.0.jar;C:\Users\Dane\.m2\repository\io\grpc\grpc-grpclb\1.41.0\grpc-grpclb-1.41.0.jar;C:\Users\Dane\.m2\repository\com\google\protobuf\protobuf-java-util\3.18.1\protobuf-java-util-3.18.1.jar;C:\Users\Dane\.m2\repository\org\conscrypt\conscrypt-openjdk-uber\2.5.1\conscrypt-openjdk-uber-2.5.1.jar;C:\Users\Dane\.m2\repository\io\grpc\grpc-auth\1.41.0\grpc-auth-1.41.0.jar;C:\Users\Dane\.m2\repository\io\grpc\grpc-netty-shaded\1.41.0\grpc-netty-shaded-1.41.0.jar;C:\Users\Dane\.m2\repository\org\threeten\threetenbp\1.5.1\threetenbp-1.5.1.jar;C:\Users\Dane\.m2\repository\com\google\code\findbugs\jsr305\3.0.2\jsr305-3.0.2.jar;C:\Users\Dane\.m2\repository\io\opencensus\opencensus-api\0.28.0\opencensus-api-0.28.0.jar;C:\Users\Dane\.m2\repository\io\grpc\grpc-core\1.41.0\grpc-core-1.41.0.jar;C:\Users\Dane\.m2\repository\com\google\android\annotations\4.1.1.4\annotations-4.1.1.4.jar;C:\Users\Dane\.m2\repository\org\codehaus\mojo\animal-sniffer-annotations\1.20\animal-sniffer-annotations-1.20.jar;C:\Users\Dane\.m2\repository\io\perfmark\perfmark-api\0.23.0\perfmark-api-0.23.0.jar;C:\Users\Dane\.m2\repository\com\google\errorprone\error_prone_annotations\2.9.0\error_prone_annotations-2.9.0.jar;C:\Users\Dane\.m2\repository\com\google\auto\value\auto-value-annotations\1.8.2\auto-value-annotations-1.8.2.jar;C:\Users\Dane\.m2\repository\com\google\http-client\google-http-client\1.40.1\google-http-client-1.40.1.jar;C:\Users\Dane\.m2\repository\org\apache\httpcomponents\httpclient\4.5.13\httpclient-4.5.13.jar;C:\Users\Dane\.m2\repository\commons-logging\commons-logging\1.2\commons-logging-1.2.jar;C:\Users\Dane\.m2\repository\commons-codec\commons-codec\1.15\commons-codec-1.15.jar;C:\Users\Dane\.m2\repository\org\apache\httpcomponents\httpcore\4.4.14\httpcore-4.4.14.jar;C:\Users\Dane\.m2\repository\io\opencensus\opencensus-contrib-http-util\0.28.0\opencensus-contrib-http-util-0.28.0.jar;C:\Users\Dane\.m2\repository\org\jboss\resteasy\resteasy-client\3.13.0.Final\resteasy-client-3.13.0.Final.jar;C:\Users\Dane\.m2\repository\org\jboss\spec\javax\ws\rs\jboss-jaxrs-api_2.1_spec\2.0.1.Final\jboss-jaxrs-api_2.1_spec-2.0.1.Final.jar;C:\Users\Dane\.m2\repository\org\jboss\logging\jboss-logging\3.3.2.Final\jboss-logging-3.3.2.Final.jar;C:\Users\Dane\.m2\repository\commons-io\commons-io\2.5\commons-io-2.5.jar;C:\Users\Dane\.m2\repository\org\jboss\resteasy\resteasy-servlet-initializer\3.13.0.Final\resteasy-servlet-initializer-3.13.0.Final.jar;C:\Users\Dane\.m2\repository\org\ta4j\ta4j-core\0.14\ta4j-core-0.14.jar;C:\Users\Dane\.m2\repository\org\slf4j\slf4j-api\1.7.25\slf4j-api-1.7.25.jar;C:\Users\Dane\.m2\repository\com\github\joaopsilva\binance-java-api\master-f51ee15f0f-1\binance-java-api-master-f51ee15f0f-1.jar;C:\Users\Dane\.m2\repository\com\squareup\retrofit2\retrofit\2.3.0\retrofit-2.3.0.jar;C:\Users\Dane\.m2\repository\com\squareup\okhttp3\okhttp\3.8.0\okhttp-3.8.0.jar;C:\Users\Dane\.m2\repository\com\squareup\okio\okio\1.13.0\okio-1.13.0.jar;C:\Users\Dane\.m2\repository\com\squareup\retrofit2\converter-jackson\2.3.0\converter-jackson-2.3.0.jar;C:\Users\Dane\.m2\repository\org\apache\commons\commons-lang3\3.6\commons-lang3-3.6.jar;C:\Users\Dane\.m2\repository\org\jboss\resteasy\resteasy-jaxrs\3.13.0.Final\resteasy-jaxrs-3.13.0.Final.jar;C:\Users\Dane\.m2\repository\org\jboss\spec\javax\xml\bind\jboss-jaxb-api_2.3_spec\2.0.0.Final\jboss-jaxb-api_2.3_spec-2.0.0.Final.jar;C:\Users\Dane\.m2\repository\org\reactivestreams\reactive-streams\1.0.3\reactive-streams-1.0.3.jar;C:\Users\Dane\.m2\repository\jakarta\validation\jakarta.validation-api\2.0.2\jakarta.validation-api-2.0.2.jar;C:\Users\Dane\.m2\repository\org\jboss\spec\javax\annotation\jboss-annotations-api_1.3_spec\2.0.1.Final\jboss-annotations-api_1.3_spec-2.0.1.Final.jar;C:\Users\Dane\.m2\repository\com\sun\activation\jakarta.activation\1.2.1\jakarta.activation-1.2.1.jar;C:\Users\Dane\.m2\repository\com\github\stephenc\jcip\jcip-annotations\1.0-1\jcip-annotations-1.0-1.jar;C:\Users\Dane\.m2\repository\net\sf\scannotation\scannotation\1.0.2\scannotation-1.0.2.jar;C:\Users\Dane\.m2\repository\javassist\javassist\3.6.0.GA\javassist-3.6.0.GA.jar;C:\Users\Dane\.m2\repository\org\jboss\resteasy\resteasy-jackson2-provider\3.13.0.Final\resteasy-jackson2-provider-3.13.0.Final.jar;C:\Users\Dane\.m2\repository\com\fasterxml\jackson\core\jackson-core\2.10.4\jackson-core-2.10.4.jar;C:\Users\Dane\.m2\repository\com\fasterxml\jackson\core\jackson-databind\2.10.4\jackson-databind-2.10.4.jar;C:\Users\Dane\.m2\repository\com\fasterxml\jackson\core\jackson-annotations\2.10.4\jackson-annotations-2.10.4.jar;C:\Users\Dane\.m2\repository\com\fasterxml\jackson\jaxrs\jackson-jaxrs-json-provider\2.10.4\jackson-jaxrs-json-provider-2.10.4.jar;C:\Users\Dane\.m2\repository\com\fasterxml\jackson\jaxrs\jackson-jaxrs-base\2.10.4\jackson-jaxrs-base-2.10.4.jar;C:\Users\Dane\.m2\repository\com\fasterxml\jackson\module\jackson-module-jaxb-annotations\2.10.4\jackson-module-jaxb-annotations-2.10.4.jar;C:\Users\Dane\.m2\repository\jakarta\activation\jakarta.activation-api\1.2.1\jakarta.activation-api-1.2.1.jar;C:\Users\Dane\.m2\repository\com\github\fge\json-patch\1.9\json-patch-1.9.jar;C:\Users\Dane\.m2\repository\com\github\fge\jackson-coreutils\1.6\jackson-coreutils-1.6.jar;C:\Users\Dane\.m2\repository\com\github\fge\msg-simple\1.1\msg-simple-1.1.jar;C:\Users\Dane\.m2\repository\com\github\fge\btf\1.2\btf-1.2.jar;C:\Users\Dane\.m2\repository\junit\junit\4.12\junit-4.12.jar;C:\Users\Dane\.m2\repository\org\hamcrest\hamcrest-core\1.3\hamcrest-core-1.3.jar;C:\Users\Dane\.m2\repository\org\slf4j\slf4j-simple\1.7.32\slf4j-simple-1.7.32.jar;"/>
    <property name="java.vm.vendor" value="Oracle Corporation"/>
    <property name="sun.arch.data.model" value="64"/>
    <property name="user.variant" value=""/>
    <property name="java.vendor.url" value="https://java.oracle.com/"/>
    <property name="user.timezone" value="Pacific/Auckland"/>
    <property name="os.name" value="Windows 10"/>
    <property name="java.vm.specification.version" value="13"/>
    <property name="sun.java.launcher" value="SUN_STANDARD"/>
    <property name="user.country" value="US"/>
    <property name="sun.boot.library.path" value="C:\Program Files\Java\jdk-13.0.2\bin"/>
    <property name="sun.java.command" value="C:\Users\Dane\AppData\Local\Temp\surefire36249706225119349\surefirebooter10503780191727715516.jar C:\Users\Dane\AppData\Local\Temp\surefire36249706225119349 2021-11-15T13-16-52_168-jvmRun1 surefire684741927047857175tmp surefire_015957447308417360419tmp"/>
    <property name="jdk.debug" value="release"/>
    <property name="surefire.test.class.path" value="C:\Users\Dane\Documents\GitHub\crypto-subscriber\target\test-classes;C:\Users\Dane\Documents\GitHub\crypto-subscriber\target\classes;C:\Users\Dane\.m2\repository\com\google\cloud\google-cloud-pubsub\1.114.7\google-cloud-pubsub-1.114.7.jar;C:\Users\Dane\.m2\repository\io\grpc\grpc-api\1.41.0\grpc-api-1.41.0.jar;C:\Users\Dane\.m2\repository\io\grpc\grpc-context\1.41.0\grpc-context-1.41.0.jar;C:\Users\Dane\.m2\repository\io\grpc\grpc-stub\1.41.0\grpc-stub-1.41.0.jar;C:\Users\Dane\.m2\repository\io\grpc\grpc-protobuf\1.41.0\grpc-protobuf-1.41.0.jar;C:\Users\Dane\.m2\repository\io\grpc\grpc-protobuf-lite\1.41.0\grpc-protobuf-lite-1.41.0.jar;C:\Users\Dane\.m2\repository\com\google\api\api-common\2.0.5\api-common-2.0.5.jar;C:\Users\Dane\.m2\repository\javax\annotation\javax.annotation-api\1.3.2\javax.annotation-api-1.3.2.jar;C:\Users\Dane\.m2\repository\com\google\protobuf\protobuf-java\3.18.1\protobuf-java-3.18.1.jar;C:\Users\Dane\.m2\repository\com\google\api\grpc\proto-google-common-protos\2.6.0\proto-google-common-protos-2.6.0.jar;C:\Users\Dane\.m2\repository\com\google\auth\google-auth-library-oauth2-http\1.2.1\google-auth-library-oauth2-http-1.2.1.jar;C:\Users\Dane\.m2\repository\com\google\auth\google-auth-library-credentials\1.2.1\google-auth-library-credentials-1.2.1.jar;C:\Users\Dane\.m2\repository\com\google\http-client\google-http-client-gson\1.40.1\google-http-client-gson-1.40.1.jar;C:\Users\Dane\.m2\repository\com\google\code\gson\gson\2.8.8\gson-2.8.8.jar;C:\Users\Dane\.m2\repository\com\google\api\grpc\proto-google-cloud-pubsub-v1\1.96.7\proto-google-cloud-pubsub-v1-1.96.7.jar;C:\Users\Dane\.m2\repository\com\google\api\grpc\proto-google-iam-v1\1.1.6\proto-google-iam-v1-1.1.6.jar;C:\Users\Dane\.m2\repository\com\google\guava\guava\31.0.1-jre\guava-31.0.1-jre.jar;C:\Users\Dane\.m2\repository\com\google\guava\failureaccess\1.0.1\failureaccess-1.0.1.jar;C:\Users\Dane\.m2\repository\com\google\guava\listenablefuture\9999.0-empty-to-avoid-conflict-with-guava\listenablefuture-9999.0-empty-to-avoid-conflict-with-guava.jar;C:\Users\Dane\.m2\repository\org\checkerframework\checker-qual\3.12.0\checker-qual-3.12.0.jar;C:\Users\Dane\.m2\repository\com\google\j2objc\j2objc-annotations\1.3\j2objc-annotations-1.3.jar;C:\Users\Dane\.m2\repository\com\google\api\gax\2.6.1\gax-2.6.1.jar;C:\Users\Dane\.m2\repository\com\google\api\gax-grpc\2.6.1\gax-grpc-2.6.1.jar;C:\Users\Dane\.m2\repository\io\grpc\grpc-alts\1.41.0\grpc-alts-1.41.0.jar;C:\Users\Dane\.m2\repository\io\grpc\grpc-grpclb\1.41.0\grpc-grpclb-1.41.0.jar;C:\Users\Dane\.m2\repository\com\google\protobuf\protobuf-java-util\3.18.1\protobuf-java-util-3.18.1.jar;C:\Users\Dane\.m2\repository\org\conscrypt\conscrypt-openjdk-uber\2.5.1\conscrypt-openjdk-uber-2.5.1.jar;C:\Users\Dane\.m2\repository\io\grpc\grpc-auth\1.41.0\grpc-auth-1.41.0.jar;C:\Users\Dane\.m2\repository\io\grpc\grpc-netty-shaded\1.41.0\grpc-netty-shaded-1.41.0.jar;C:\Users\Dane\.m2\repository\org\threeten\threetenbp\1.5.1\threetenbp-1.5.1.jar;C:\Users\Dane\.m2\repository\com\google\code\findbugs\jsr305\3.0.2\jsr305-3.0.2.jar;C:\Users\Dane\.m2\repository\io\opencensus\opencensus-api\0.28.0\opencensus-api-0.28.0.jar;C:\Users\Dane\.m2\repository\io\grpc\grpc-core\1.41.0\grpc-core-1.41.0.jar;C:\Users\Dane\.m2\repository\com\google\android\annotations\4.1.1.4\annotations-4.1.1.4.jar;C:\Users\Dane\.m2\repository\org\codehaus\mojo\animal-sniffer-annotations\1.20\animal-sniffer-annotations-1.20.jar;C:\Users\Dane\.m2\repository\io\perfmark\perfmark-api\0.23.0\perfmark-api-0.23.0.jar;C:\Users\Dane\.m2\repository\com\google\errorprone\error_prone_annotations\2.9.0\error_prone_annotations-2.9.0.jar;C:\Users\Dane\.m2\repository\com\google\auto\value\auto-value-annotations\1.8.2\auto-value-annotations-1.8.2.jar;C:\Users\Dane\.m2\repository\com\google\http-client\google-http-client\1.40.1\google-http-client-1.40.1.jar;C:\Users\Dane\.m2\repository\org\apache\httpcomponents\httpclient\4.5.13\httpclient-4.5.13.jar;C:\Users\Dane\.m2\repository\commons-logging\commons-logging\1.2\commons-logging-1.2.jar;C:\Users\Dane\.m2\repository\commons-codec\commons-codec\1.15\commons-codec-1.15.jar;C:\Users\Dane\.m2\repository\org\apache\httpcomponents\httpcore\4.4.14\httpcore-4.4.14.jar;C:\Users\Dane\.m2\repository\io\opencensus\opencensus-contrib-http-util\0.28.0\opencensus-contrib-http-util-0.28.0.jar;C:\Users\Dane\.m2\repository\org\jboss\resteasy\resteasy-client\3.13.0.Final\resteasy-client-3.13.0.Final.jar;C:\Users\Dane\.m2\repository\org\jboss\spec\javax\ws\rs\jboss-jaxrs-api_2.1_spec\2.0.1.Final\jboss-jaxrs-api_2.1_spec-2.0.1.Final.jar;C:\Users\Dane\.m2\repository\org\jboss\logging\jboss-logging\3.3.2.Final\jboss-logging-3.3.2.Final.jar;C:\Users\Dane\.m2\repository\commons-io\commons-io\2.5\commons-io-2.5.jar;C:\Users\Dane\.m2\repository\org\jboss\resteasy\resteasy-servlet-initializer\3.13.0.Final\resteasy-servlet-initializer-3.13.0.Final.jar;C:\Users\Dane\.m2\repository\org\ta4j\ta4j-core\0.14\ta4j-core-0.14.jar;C:\Users\Dane\.m2\repository\org\slf4j\slf4j-api\1.7.25\slf4j-api-1.7.25.jar;C:\Users\Dane\.m2\repository\com\github\joaopsilva\binance-java-api\master-f51ee15f0f-1\binance-java-api-master-f51ee15f0f-1.jar;C:\Users\Dane\.m2\repository\com\squareup\retrofit2\retrofit\2.3.0\retrofit-2.3.0.jar;C:\Users\Dane\.m2\repository\com\squareup\okhttp3\okhttp\3.8.0\okhttp-3.8.0.jar;C:\Users\Dane\.m2\repository\com\squareup\okio\okio\1.13.0\okio-1.13.0.jar;C:\Users\Dane\.m2\repository\com\squareup\retrofit2\converter-jackson\2.3.0\converter-jackson-2.3.0.jar;C:\Users\Dane\.m2\repository\org\apache\commons\commons-lang3\3.6\commons-lang3-3.6.jar;C:\Users\Dane\.m2\repository\org\jboss\resteasy\resteasy-jaxrs\3.13.0.Final\resteasy-jaxrs-3.13.0.Final.jar;C:\Users\Dane\.m2\repository\org\jboss\spec\javax\xml\bind\jboss-jaxb-api_2.3_spec\2.0.0.Final\jboss-jaxb-api_2.3_spec-2.0.0.Final.jar;C:\Users\Dane\.m2\repository\org\reactivestreams\reactive-streams\1.0.3\reactive-streams-1.0.3.jar;C:\Users\Dane\.m2\repository\jakarta\validation\jakarta.validation-api\2.0.2\jakarta.validation-api-2.0.2.jar;C:\Users\Dane\.m2\repository\org\jboss\spec\javax\annotation\jboss-annotations-api_1.3_spec\2.0.1.Final\jboss-annotations-api_1.3_spec-2.0.1.Final.jar;C:\Users\Dane\.m2\repository\com\sun\activation\jakarta.activation\1.2.1\jakarta.activation-1.2.1.jar;C:\Users\Dane\.m2\repository\com\github\stephenc\jcip\jcip-annotations\1.0-1\jcip-annotations-1.0-1.jar;C:\Users\Dane\.m2\repository\net\sf\scannotation\scannotation\1.0.2\scannotation-1.0.2.jar;C:\Users\Dane\.m2\repository\javassist\javassist\3.6.0.GA\javassist-3.6.0.GA.jar;C:\Users\Dane\.m2\repository\org\jboss\resteasy\resteasy-jackson2-provider\3.13.0.Final\resteasy-jackson2-provider-3.13.0.Final.jar;C:\Users\Dane\.m2\repository\com\fasterxml\jackson\core\jackson-core\2.10.4\jackson-core-2.10.4.jar;C:\Users\Dane\.m2\repository\com\fasterxml\jackson\core\jackson-databind\2.10.4\jackson-databind-2.10.4.jar;C:\Users\Dane\.m2\repository\com\fasterxml\jackson\core\jackson-annotations\2.10.4\jackson-annotations-2.10.4.jar;C:\Users\Dane\.m2\repository\com\fasterxml\jackson\jaxrs\jackson-jaxrs-json-provider\2.10.4\jackson-jaxrs-json-provider-2.10.4.jar;C:\Users\Dane\.m2\repository\com\fasterxml\jackson\jaxrs\jackson-jaxrs-base\2.10.4\jackson-jaxrs-base-2.10.4.jar;C:\Users\Dane\.m2\repository\com\fasterxml\jackson\module\jackson-module-jaxb-annotations\2.10.4\jackson-module-jaxb-annotations-2.10.4.jar;C:\Users\Dane\.m2\repository\jakarta\activation\jakarta.activation-api\1.2.1\jakarta.activation-api-1.2.1.jar;C:\Users\Dane\.m2\repository\com\github\fge\json-patch\1.9\json-patch-1.9.jar;C:\Users\Dane\.m2\repository\com\github\fge\jackson-coreutils\1.6\jackson-coreutils-1.6.jar;C:\Users\Dane\.m2\repository\com\github\fge\msg-simple\1.1\msg-simple-1.1.jar;C:\Users\Dane\.m2\repository\com\github\fge\btf\1.2\btf-1.2.jar;C:\Users\Dane\.m2\repository\junit\junit\4.12\junit-4.12.jar;C:\Users\Dane\.m2\repository\org\hamcrest\hamcrest-core\1.3\hamcrest-core-1.3.jar;C:\Users\Dane\.m2\repository\org\slf4j\slf4j-simple\1.7.32\slf4j-simple-1.7.32.jar;"/>
    <property name="sun.cpu.endian" value="little"/>
    <property name="user.home" value="C:\Users\Dane"/>
    <property name="user.language" value="en"/>
    <property name="java.specification.vendor" value="Oracle Corporation"/>
    <property name="java.version.date" value="2020-01-14"/>
    <property name="java.home" value="C:\Program Files\Java\jdk-13.0.2"/>
    <property name="file.separator" value="\"/>
    <property name="basedir" value="C:\Users\Dane\Documents\GitHub\crypto-subscriber"/>
    <property name="java.vm.compressedOopsMode" value="Zero based"/>
    <property name="line.separator" value="&#10;"/>
    <property name="java.vm.specification.vendor" value="Oracle Corporation"/>
    <property name="java.specification.name" value="Java Platform API Specification"/>
    <property name="surefire.real.class.path" value="C:\Users\Dane\AppData\Local\Temp\surefire36249706225119349\surefirebooter10503780191727715516.jar"/>
    <property name="user.script" value=""/>
    <property name="sun.management.compiler" value="HotSpot 64-Bit Tiered Compilers"/>
    <property name="java.runtime.version" value="13.0.2+8"/>
    <property name="user.name" value="Dane"/>
    <property name="path.separator" value=";"/>
    <property name="os.version" value="10.0"/>
    <property name="java.runtime.name" value="Java(TM) SE Runtime Environment"/>
    <property name="file.encoding" value="Cp1252"/>
    <property name="java.vm.name" value="Java HotSpot(TM) 64-Bit Server VM"/>
    <property name="localRepository" value="C:\Users\Dane\.m2\repository"/>
    <property name="java.vendor.url.bug" value="https://bugreport.java.com/bugreport/"/>
    <property name="java.io.tmpdir" value="C:\Users\Dane\AppData\Local\Temp\"/>
    <property name="java.version" value="13.0.2"/>
    <property name="user.dir" value="C:\Users\Dane\Documents\GitHub\crypto-subscriber"/>
    <property name="os.arch" value="amd64"/>
    <property name="java.vm.specification.name" value="Java Virtual Machine Specification"/>
    <property name="sun.os.patch.level" value=""/>
    <property name="java.library.path" value="C:\Program Files\Java\jdk-13.0.2\bin;C:\WINDOWS\Sun\Java\bin;C:\WINDOWS\system32;C:\WINDOWS;C:\Program Files\NVIDIA GPU Computing Toolkit\CUDA\v10.1\bin;C:\Program Files\NVIDIA GPU Computing Toolkit\CUDA\v10.1\libnvvp;C:\Program Files\NVIDIA GPU Computing Toolkit\CUDA\v11.4\bin;C:\Program Files\NVIDIA GPU Computing Toolkit\CUDA\v11.4\libnvvp;C:\Program Files (x86)\VMware\VMware Workstation\bin\;C:\Program Files (x86)\Common Files\Oracle\Java\javapath;C:\ProgramData\Oracle\Java\javapath;C:\Windows\system32;C:\Windows;C:\Windows\System32\Wbem;C:\Windows\System32\WindowsPowerShell\v1.0\;C:\Program Files (x86)\Skype\Phone\;C:\Program Files (x86)\Brackets\command;C:\WINDOWS\system32;C:\WINDOWS;C:\WINDOWS\System32\Wbem;C:\WINDOWS\System32\WindowsPowerShell\v1.0\;C:\Program Files (x86)\Common Files\Acronis\VirtualFile\;C:\Program Files (x86)\Common Files\Acronis\VirtualFile64\;C:\Program Files (x86)\Common Files\Acronis\SnapAPI\;C:\WINDOWS\System32\OpenSSH\;C:\Program Files (x86)\Gpg4win\..\GnuPG\bin;C:\Program Files (x86)\NVIDIA Corporation\PhysX\Common;C:\Program Files\Intel\WiFi\bin\;C:\Program Files\Common Files\Intel\WirelessCommon\;C:\Program Files\NVIDIA Corporation\NVIDIA NvDLISR;C:\Program Files\PuTTY\;C:\Program Files\Microsoft Network Monitor 3\;C:\WINDOWS\system32;C:\WINDOWS;C:\WINDOWS\System32\Wbem;C:\WINDOWS\System32\WindowsPowerShell\v1.0\;C:\WINDOWS\System32\OpenSSH\;C:\Program Files\dotnet\;C:\Program Files\Microsoft SQL Server\130\Tools\Binn\;C:\Program Files\Microsoft SQL Server\Client SDK\ODBC\170\Tools\Binn\;C:\Program Files\Microsoft SQL Server\Client SDK\ODBC\130\Tools\Binn\;C:\Program Files (x86)\Microsoft SQL Server\140\Tools\Binn\;C:\Program Files\Microsoft SQL Server\140\Tools\Binn\;C:\Program Files\Microsoft SQL Server\140\DTS\Binn\;C:\Program Files (x86)\Microsoft SQL Server\150\DTS\Binn\;C:\Program Files\Azure Data Studio\bin;C:\Program Files\nodejs\;C:\Program Files\Amazon\AWSCLIV2\;C:\Program Files\Java\jdk-13.0.2\bin;E:\Dwimperl\perl\bin;E:\Dwimperl\perl\site\bin;E:\Dwimperl\c\bin;C:\Program Files\NVIDIA Corporation\Nsight Compute 2019.4.0\;C:\Program Files\Git\cmd;C:\Program Files\Docker\Docker\resources\bin;C:\ProgramData\DockerDesktop\version-bin;C:\Users\Dane\AppData\Local\Microsoft\WindowsApps;C:\Users\Dane\AppData\Local\atom\bin;C:\Users\Dane\AppData\Local\Microsoft\WindowsApps;C:\Program Files\Intel\WiFi\bin\;C:\Program Files\Common Files\Intel\WirelessCommon\;C:\Users\Dane\AppData\Local\Programs\Microsoft VS Code\bin;C:\MinGW\bin;C:\Users\Dane\.dotnet\tools;C:\Program Files\Azure Data Studio\bin;C:\Users\Dane\AppData\Roaming\npm;C:\Users\Dane\AppData\Local\Packages\PythonSoftwareFoundation.Python.3.8_qbz5n2kfra8p0\LocalCache\local-packages\Python38\Scripts;C:\opt\apache-maven-3.6.3\bin;E:\Users\Dane\Downloads\aircrack-ng-1.6-win\aircrack-ng-1.6-win\bin;C:\Users\Dane\AppData\Local\GitHubDesktop\bin;C:\Program Files (x86)\Nmap;."/>
    <property name="java.vm.info" value="mixed mode, sharing"/>
    <property name="java.vendor" value="Oracle Corporation"/>
    <property name="java.vm.version" value="13.0.2+8"/>
    <property name="sun.io.unicode.encoding" value="UnicodeLittle"/>
    <property name="java.class.version" value="57.0"/>
  </properties>
  <testcase name="testGetTechnicalIndicator" classname="service.IndicatorResourceIT" time="9.766"/>
</testsuite>